# JRE version: OpenJDK Runtime Environment (17.0.6) (build 17.0.6+0-b2043.56-10027231)
# Java VM: OpenJDK 64-Bit Server VM (17.0.6+0-b2043.56-10027231, mixed mode, tiered, compressed oops, compressed class ptrs, g1 gc, windows-amd64)
GC Precious Log:
 CPUs: 8 total, 8 available
 Memory: 65335M
 Large Page Support: Disabled
 NUMA Support: Disabled
 Compressed Oops: Enabled (32-bit)
 Heap Region Size: 1M
 Heap Min Capacity: 8M
 Heap Initial Capacity: 1022M
 Heap Max Capacity: 2G
 Pre-touch: Disabled
 Parallel Workers: 8
 Concurrent Workers: 2
 Concurrent Refinement Workers: 8
 Periodic GC: Disabled
Heap:
 garbage-first heap   total 145408K, used 88416K [0x0000000080000000, 0x0000000100000000)
  region size 1024K, 1 young (1024K), 1 survivors (1024K)
 Metaspace       used 98287K, committed 99136K, reserved 1138688K
  class space    used 13447K, committed 13888K, reserved 1048576K
GC Heap History (20 events):
Event: 17.859 GC heap after
{Heap after GC invocations=20 (full 0):
 garbage-first heap   total 142336K, used 73092K [0x0000000080000000, 0x0000000100000000)
  region size 1024K, 1 young (1024K), 1 survivors (1024K)
 Metaspace       used 73959K, committed 74560K, reserved 1114112K
  class space    used 9811K, committed 10048K, reserved 1048576K
}
Event: 18.767 GC heap before
{Heap before GC invocations=21 (full 0):
 garbage-first heap   total 142336K, used 112004K [0x0000000080000000, 0x0000000100000000)
  region size 1024K, 42 young (43008K), 1 survivors (1024K)
 Metaspace       used 78420K, committed 79104K, reserved 1122304K
  class space    used 10414K, committed 10752K, reserved 1048576K
}
Event: 18.771 GC heap after
{Heap after GC invocations=22 (full 0):
 garbage-first heap   total 142336K, used 71144K [0x0000000080000000, 0x0000000100000000)
  region size 1024K, 3 young (3072K), 3 survivors (3072K)
 Metaspace       used 78420K, committed 79104K, reserved 1122304K
  class space    used 10414K, committed 10752K, reserved 1048576K
}
Event: 18.824 GC heap before
{Heap before GC invocations=22 (full 0):
 garbage-first heap   total 142336K, used 74216K [0x0000000080000000, 0x0000000100000000)
  region size 1024K, 6 young (6144K), 3 survivors (3072K)
 Metaspace       used 78809K, committed 79488K, reserved 1122304K
  class space    used 10480K, committed 10816K, reserved 1048576K
}
Event: 18.828 GC heap after
{Heap after GC invocations=23 (full 0):
 garbage-first heap   total 142336K, used 70870K [0x0000000080000000, 0x0000000100000000)
  region size 1024K, 1 young (1024K), 1 survivors (1024K)
 Metaspace       used 78809K, committed 79488K, reserved 1122304K
  class space    used 10480K, committed 10816K, reserved 1048576K
}
Event: 19.691 GC heap before
{Heap before GC invocations=23 (full 0):
 garbage-first heap   total 142336K, used 113878K [0x0000000080000000, 0x0000000100000000)
  region size 1024K, 44 young (45056K), 1 survivors (1024K)
 Metaspace       used 82440K, committed 83072K, reserved 1122304K
  class space    used 10945K, committed 11264K, reserved 1048576K
}
Event: 19.699 GC heap after
{Heap after GC invocations=24 (full 0):
 garbage-first heap   total 142336K, used 75571K [0x0000000080000000, 0x0000000100000000)
  region size 1024K, 5 young (5120K), 5 survivors (5120K)
 Metaspace       used 82440K, committed 83072K, reserved 1122304K
  class space    used 10945K, committed 11264K, reserved 1048576K
}
Event: 20.567 GC heap before
{Heap before GC invocations=25 (full 0):
 garbage-first heap   total 142336K, used 115507K [0x0000000080000000, 0x0000000100000000)
  region size 1024K, 44 young (45056K), 5 survivors (5120K)
 Metaspace       used 86292K, committed 86912K, reserved 1130496K
  class space    used 11649K, committed 11968K, reserved 1048576K
}
Event: 20.573 GC heap after
{Heap after GC invocations=26 (full 0):
 garbage-first heap   total 142336K, used 77430K [0x0000000080000000, 0x0000000100000000)
  region size 1024K, 3 young (3072K), 3 survivors (3072K)
 Metaspace       used 86292K, committed 86912K, reserved 1130496K
  class space    used 11649K, committed 11968K, reserved 1048576K
}
Event: 20.634 GC heap before
{Heap before GC invocations=26 (full 0):
 garbage-first heap   total 142336K, used 79478K [0x0000000080000000, 0x0000000100000000)
  region size 1024K, 6 young (6144K), 3 survivors (3072K)
 Metaspace       used 86661K, committed 87296K, reserved 1130496K
  class space    used 11731K, committed 12032K, reserved 1048576K
}
Event: 20.639 GC heap after
{Heap after GC invocations=27 (full 0):
 garbage-first heap   total 142336K, used 76242K [0x0000000080000000, 0x0000000100000000)
  region size 1024K, 1 young (1024K), 1 survivors (1024K)
 Metaspace       used 86661K, committed 87296K, reserved 1130496K
  class space    used 11731K, committed 12032K, reserved 1048576K
}
Event: 21.334 GC heap before
{Heap before GC invocations=27 (full 0):
 garbage-first heap   total 142336K, used 116178K [0x0000000080000000, 0x0000000100000000)
  region size 1024K, 40 young (40960K), 1 survivors (1024K)
 Metaspace       used 90706K, committed 91392K, reserved 1130496K
  class space    used 12341K, committed 12672K, reserved 1048576K
}
Event: 21.339 GC heap after
{Heap after GC invocations=28 (full 0):
 garbage-first heap   total 142336K, used 78856K [0x0000000080000000, 0x0000000100000000)
  region size 1024K, 4 young (4096K), 4 survivors (4096K)
 Metaspace       used 90706K, committed 91392K, reserved 1130496K
  class space    used 12341K, committed 12672K, reserved 1048576K
}
Event: 22.279 GC heap before
{Heap before GC invocations=28 (full 0):
 garbage-first heap   total 142336K, used 116744K [0x0000000080000000, 0x0000000100000000)
  region size 1024K, 41 young (41984K), 4 survivors (4096K)
 Metaspace       used 94452K, committed 95104K, reserved 1130496K
  class space    used 12931K, committed 13248K, reserved 1048576K
}
Event: 22.285 GC heap after
{Heap after GC invocations=29 (full 0):
 garbage-first heap   total 142336K, used 81735K [0x0000000080000000, 0x0000000100000000)
  region size 1024K, 6 young (6144K), 6 survivors (6144K)
 Metaspace       used 94452K, committed 95104K, reserved 1130496K
  class space    used 12931K, committed 13248K, reserved 1048576K
}
Event: 23.578 GC heap before
{Heap before GC invocations=29 (full 0):
 garbage-first heap   total 142336K, used 117575K [0x0000000080000000, 0x0000000100000000)
  region size 1024K, 41 young (41984K), 6 survivors (6144K)
 Metaspace       used 98190K, committed 99008K, reserved 1138688K
  class space    used 13435K, committed 13824K, reserved 1048576K
}
Event: 23.586 GC heap after
{Heap after GC invocations=30 (full 0):
 garbage-first heap   total 142336K, used 85177K [0x0000000080000000, 0x0000000100000000)
  region size 1024K, 6 young (6144K), 6 survivors (6144K)
 Metaspace       used 98190K, committed 99008K, reserved 1138688K
  class space    used 13435K, committed 13824K, reserved 1048576K
}
Event: 24.257 GC heap before
{Heap before GC invocations=31 (full 0):
 garbage-first heap   total 145408K, used 116921K [0x0000000080000000, 0x0000000100000000)
  region size 1024K, 37 young (37888K), 6 survivors (6144K)
 Metaspace       used 98245K, committed 99072K, reserved 1138688K
  class space    used 13443K, committed 13888K, reserved 1048576K
}
Event: 24.267 GC heap after
{Heap after GC invocations=32 (full 0):
 garbage-first heap   total 145408K, used 88235K [0x0000000080000000, 0x0000000100000000)
  region size 1024K, 3 young (3072K), 3 survivors (3072K)
 Metaspace       used 98245K, committed 99072K, reserved 1138688K
  class space    used 13443K, committed 13888K, reserved 1048576K
}
Event: 24.381 GC heap before
{Heap before GC invocations=32 (full 0):
 garbage-first heap   total 145408K, used 92331K [0x0000000080000000, 0x0000000100000000)
  region size 1024K, 7 young (7168K), 3 survivors (3072K)
 Metaspace       used 98287K, committed 99136K, reserved 1138688K
  class space    used 13447K, committed 13888K, reserved 1048576K
}

